# JRE version: Java(TM) SE Runtime Environment (8.0_151-b12) (build 1.8.0_151-b12)
# Java VM: Java HotSpot(TM) 64-Bit Server VM (25.151-b12 mixed mode windows-amd64 compressed oops)
Heap:
 PSYoungGen      total 222720K, used 48775K [0x00000000d5c00000, 0x00000000ead80000, 0x0000000100000000)
  eden space 201728K, 13% used [0x00000000d5c00000,0x00000000d7727d60,0x00000000e2100000)
  from space 20992K, 99% used [0x00000000e2100000,0x00000000e357a280,0x00000000e3580000)
  to   space 30208K, 0% used [0x00000000e9000000,0x00000000e9000000,0x00000000ead80000)
 ParOldGen       total 75264K, used 55914K [0x0000000081400000, 0x0000000085d80000, 0x00000000d5c00000)
  object space 75264K, 74% used [0x0000000081400000,0x0000000084a9a8c8,0x0000000085d80000)
 Metaspace       used 27516K, capacity 28196K, committed 28544K, reserved 1075200K
  class space    used 3163K, capacity 3341K, committed 3456K, reserved 1048576K
GC Heap History (10 events):
Event: 16.953 GC heap before
{Heap before GC invocations=8 (full 0):
 PSYoungGen      total 79360K, used 79360K [0x00000000d5c00000, 0x00000000dfb00000, 0x0000000100000000)
  eden space 66560K, 100% used [0x00000000d5c00000,0x00000000d9d00000,0x00000000d9d00000)
  from space 12800K, 100% used [0x00000000d9d00000,0x00000000da980000,0x00000000da980000)
  to   space 14848K, 0% used [0x00000000dec80000,0x00000000dec80000,0x00000000dfb00000)
 ParOldGen       total 87552K, used 19917K [0x0000000081400000, 0x0000000086980000, 0x00000000d5c00000)
  object space 87552K, 22% used [0x0000000081400000,0x0000000082773530,0x0000000086980000)
 Metaspace       used 18587K, capacity 19200K, committed 19584K, reserved 1067008K
  class space    used 2142K, capacity 2312K, committed 2432K, reserved 1048576K
Event: 16.969 GC heap after
Heap after GC invocations=8 (full 0):
 PSYoungGen      total 146432K, used 14422K [0x00000000d5c00000, 0x00000000dfe00000, 0x0000000100000000)
  eden space 131584K, 0% used [0x00000000d5c00000,0x00000000d5c00000,0x00000000ddc80000)
  from space 14848K, 97% used [0x00000000dec80000,0x00000000dfa959d0,0x00000000dfb00000)
  to   space 16384K, 0% used [0x00000000ddc80000,0x00000000ddc80000,0x00000000dec80000)
 ParOldGen       total 87552K, used 22373K [0x0000000081400000, 0x0000000086980000, 0x00000000d5c00000)
  object space 87552K, 25% used [0x0000000081400000,0x00000000829d9698,0x0000000086980000)
 Metaspace       used 18587K, capacity 19200K, committed 19584K, reserved 1067008K
  class space    used 2142K, capacity 2312K, committed 2432K, reserved 1048576K
}
Event: 17.129 GC heap before
{Heap before GC invocations=9 (full 0):
 PSYoungGen      total 146432K, used 22334K [0x00000000d5c00000, 0x00000000dfe00000, 0x0000000100000000)
  eden space 131584K, 6% used [0x00000000d5c00000,0x00000000d63ba1b0,0x00000000ddc80000)
  from space 14848K, 97% used [0x00000000dec80000,0x00000000dfa959d0,0x00000000dfb00000)
  to   space 16384K, 0% used [0x00000000ddc80000,0x00000000ddc80000,0x00000000dec80000)
 ParOldGen       total 87552K, used 22373K [0x0000000081400000, 0x0000000086980000, 0x00000000d5c00000)
  object space 87552K, 25% used [0x0000000081400000,0x00000000829d9698,0x0000000086980000)
 Metaspace       used 20512K, capacity 21088K, committed 21296K, reserved 1069056K
  class space    used 2424K, capacity 2600K, committed 2688K, reserved 1048576K
Event: 17.151 GC heap after
Heap after GC invocations=9 (full 0):
 PSYoungGen      total 147968K, used 10976K [0x00000000d5c00000, 0x00000000e4a00000, 0x0000000100000000)
  eden space 131584K, 0% used [0x00000000d5c00000,0x00000000d5c00000,0x00000000ddc80000)
  from space 16384K, 66% used [0x00000000ddc80000,0x00000000de738148,0x00000000dec80000)
  to   space 16384K, 0% used [0x00000000e3a00000,0x00000000e3a00000,0x00000000e4a00000)
 ParOldGen       total 87552K, used 25545K [0x0000000081400000, 0x0000000086980000, 0x00000000d5c00000)
  object space 87552K, 29% used [0x0000000081400000,0x0000000082cf26c8,0x0000000086980000)
 Metaspace       used 20512K, capacity 21088K, committed 21296K, reserved 1069056K
  class space    used 2424K, capacity 2600K, committed 2688K, reserved 1048576K
}
Event: 17.151 GC heap before
{Heap before GC invocations=10 (full 1):
 PSYoungGen      total 147968K, used 10976K [0x00000000d5c00000, 0x00000000e4a00000, 0x0000000100000000)
  eden space 131584K, 0% used [0x00000000d5c00000,0x00000000d5c00000,0x00000000ddc80000)
  from space 16384K, 66% used [0x00000000ddc80000,0x00000000de738148,0x00000000dec80000)
  to   space 16384K, 0% used [0x00000000e3a00000,0x00000000e3a00000,0x00000000e4a00000)
 ParOldGen       total 87552K, used 25545K [0x0000000081400000, 0x0000000086980000, 0x00000000d5c00000)
  object space 87552K, 29% used [0x0000000081400000,0x0000000082cf26c8,0x0000000086980000)
 Metaspace       used 20512K, capacity 21088K, committed 21296K, reserved 1069056K
  class space    used 2424K, capacity 2600K, committed 2688K, reserved 1048576K
Event: 17.281 GC heap after
Heap after GC invocations=10 (full 1):
 PSYoungGen      total 147968K, used 0K [0x00000000d5c00000, 0x00000000e4a00000, 0x0000000100000000)
  eden space 131584K, 0% used [0x00000000d5c00000,0x00000000d5c00000,0x00000000ddc80000)
  from space 16384K, 0% used [0x00000000ddc80000,0x00000000ddc80000,0x00000000dec80000)
  to   space 16384K, 0% used [0x00000000e3a00000,0x00000000e3a00000,0x00000000e4a00000)
 ParOldGen       total 75264K, used 29310K [0x0000000081400000, 0x0000000085d80000, 0x00000000d5c00000)
  object space 75264K, 38% used [0x0000000081400000,0x000000008309fb40,0x0000000085d80000)
 Metaspace       used 20512K, capacity 21088K, committed 21296K, reserved 1069056K
  class space    used 2424K, capacity 2600K, committed 2688K, reserved 1048576K
}
Event: 23.397 GC heap before
{Heap before GC invocations=11 (full 1):
 PSYoungGen      total 147968K, used 131584K [0x00000000d5c00000, 0x00000000e4a00000, 0x0000000100000000)
  eden space 131584K, 100% used [0x00000000d5c00000,0x00000000ddc80000,0x00000000ddc80000)
  from space 16384K, 0% used [0x00000000ddc80000,0x00000000ddc80000,0x00000000dec80000)
  to   space 16384K, 0% used [0x00000000e3a00000,0x00000000e3a00000,0x00000000e4a00000)
 ParOldGen       total 75264K, used 29310K [0x0000000081400000, 0x0000000085d80000, 0x00000000d5c00000)
  object space 75264K, 38% used [0x0000000081400000,0x000000008309fb40,0x0000000085d80000)
 Metaspace       used 24827K, capacity 25490K, committed 25728K, reserved 1071104K
  class space    used 2967K, capacity 3148K, committed 3200K, reserved 1048576K
Event: 23.427 GC heap after
Heap after GC invocations=11 (full 1):
 PSYoungGen      total 211456K, used 16357K [0x00000000d5c00000, 0x00000000e4a00000, 0x0000000100000000)
  eden space 195072K, 0% used [0x00000000d5c00000,0x00000000d5c00000,0x00000000e1a80000)
  from space 16384K, 99% used [0x00000000e3a00000,0x00000000e49f9740,0x00000000e4a00000)
  to   space 20992K, 0% used [0x00000000e2100000,0x00000000e2100000,0x00000000e3580000)
 ParOldGen       total 75264K, used 38141K [0x0000000081400000, 0x0000000085d80000, 0x00000000d5c00000)
  object space 75264K, 50% used [0x0000000081400000,0x000000008393f6a8,0x0000000085d80000)
 Metaspace       used 24827K, capacity 25490K, committed 25728K, reserved 1071104K
  class space    used 2967K, capacity 3148K, committed 3200K, reserved 1048576K
}
Event: 29.001 GC heap before
{Heap before GC invocations=12 (full 1):
 PSYoungGen      total 211456K, used 211429K [0x00000000d5c00000, 0x00000000e4a00000, 0x0000000100000000)
  eden space 195072K, 100% used [0x00000000d5c00000,0x00000000e1a80000,0x00000000e1a80000)
  from space 16384K, 99% used [0x00000000e3a00000,0x00000000e49f9740,0x00000000e4a00000)
  to   space 20992K, 0% used [0x00000000e2100000,0x00000000e2100000,0x00000000e3580000)
 ParOldGen       total 75264K, used 38141K [0x0000000081400000, 0x0000000085d80000, 0x00000000d5c00000)
  object space 75264K, 50% used [0x0000000081400000,0x000000008393f6a8,0x0000000085d80000)
 Metaspace       used 27470K, capacity 28190K, committed 28544K, reserved 1075200K
  class space    used 3162K, capacity 3340K, committed 3456K, reserved 1048576K
Event: 29.063 GC heap after
Heap after GC invocations=12 (full 1):
 PSYoungGen      total 222720K, used 20968K [0x00000000d5c00000, 0x00000000ead80000, 0x0000000100000000)
  eden space 201728K, 0% used [0x00000000d5c00000,0x00000000d5c00000,0x00000000e2100000)
  from space 20992K, 99% used [0x00000000e2100000,0x00000000e357a280,0x00000000e3580000)
  to   space 30208K, 0% used [0x00000000e9000000,0x00000000e9000000,0x00000000ead80000)
 ParOldGen       total 75264K, used 55914K [0x0000000081400000, 0x0000000085d80000, 0x00000000d5c00000)
  object space 75264K, 74% used [0x0000000081400000,0x0000000084a9a8c8,0x0000000085d80000)
 Metaspace       used 27470K, capacity 28190K, committed 28544K, reserved 1075200K
  class space    used 3162K, capacity 3340K, committed 3456K, reserved 1048576K
}

