# JRE version: Java(TM) SE Runtime Environment (8.0_151-b12) (build 1.8.0_151-b12)
# Java VM: Java HotSpot(TM) 64-Bit Server VM (25.151-b12 mixed mode windows-amd64 compressed oops)
Heap:
 PSYoungGen      total 295424K, used 234404K [0x00000000d5c00000, 0x00000000e8c00000, 0x0000000100000000)
  eden space 284672K, 78% used [0x00000000d5c00000,0x00000000e366ce28,0x00000000e7200000)
  from space 10752K, 99% used [0x00000000e8180000,0x00000000e8bfc458,0x00000000e8c00000)
  to   space 13312K, 0% used [0x00000000e7200000,0x00000000e7200000,0x00000000e7f00000)
 ParOldGen       total 92160K, used 23029K [0x0000000081400000, 0x0000000086e00000, 0x00000000d5c00000)
  object space 92160K, 24% used [0x0000000081400000,0x0000000082a7d6f0,0x0000000086e00000)
 Metaspace       used 47449K, capacity 48164K, committed 48384K, reserved 1091584K
  class space    used 5911K, capacity 6053K, committed 6144K, reserved 1048576K
GC Heap History (10 events):
Event: 7.215 GC heap before
{Heap before GC invocations=10 (full 1):
 PSYoungGen      total 221184K, used 221182K [0x00000000d5c00000, 0x00000000e4200000, 0x0000000100000000)
  eden space 212480K, 100% used [0x00000000d5c00000,0x00000000e2b80000,0x00000000e2b80000)
  from space 8704K, 99% used [0x00000000e3980000,0x00000000e41ffb18,0x00000000e4200000)
  to   space 10752K, 0% used [0x00000000e2d00000,0x00000000e2d00000,0x00000000e3780000)
 ParOldGen       total 56320K, used 8153K [0x0000000081400000, 0x0000000084b00000, 0x00000000d5c00000)
  object space 56320K, 14% used [0x0000000081400000,0x0000000081bf64d8,0x0000000084b00000)
 Metaspace       used 31155K, capacity 31664K, committed 31744K, reserved 1077248K
  class space    used 3961K, capacity 4087K, committed 4096K, reserved 1048576K
Event: 7.231 GC heap after
Heap after GC invocations=10 (full 1):
 PSYoungGen      total 224768K, used 10739K [0x00000000d5c00000, 0x00000000e8e80000, 0x0000000100000000)
  eden space 214016K, 0% used [0x00000000d5c00000,0x00000000d5c00000,0x00000000e2d00000)
  from space 10752K, 99% used [0x00000000e2d00000,0x00000000e377cf08,0x00000000e3780000)
  to   space 13312K, 0% used [0x00000000e8180000,0x00000000e8180000,0x00000000e8e80000)
 ParOldGen       total 56320K, used 10320K [0x0000000081400000, 0x0000000084b00000, 0x00000000d5c00000)
  object space 56320K, 18% used [0x0000000081400000,0x0000000081e140d0,0x0000000084b00000)
 Metaspace       used 31155K, capacity 31664K, committed 31744K, reserved 1077248K
  class space    used 3961K, capacity 4087K, committed 4096K, reserved 1048576K
}
Event: 8.737 GC heap before
{Heap before GC invocations=11 (full 1):
 PSYoungGen      total 224768K, used 150204K [0x00000000d5c00000, 0x00000000e8e80000, 0x0000000100000000)
  eden space 214016K, 65% used [0x00000000d5c00000,0x00000000de4322e0,0x00000000e2d00000)
  from space 10752K, 99% used [0x00000000e2d00000,0x00000000e377cf08,0x00000000e3780000)
  to   space 13312K, 0% used [0x00000000e8180000,0x00000000e8180000,0x00000000e8e80000)
 ParOldGen       total 56320K, used 10320K [0x0000000081400000, 0x0000000084b00000, 0x00000000d5c00000)
  object space 56320K, 18% used [0x0000000081400000,0x0000000081e140d0,0x0000000084b00000)
 Metaspace       used 34818K, capacity 35288K, committed 35496K, reserved 1081344K
  class space    used 4418K, capacity 4515K, committed 4608K, reserved 1048576K
Event: 8.750 GC heap after
Heap after GC invocations=11 (full 1):
 PSYoungGen      total 295424K, used 8910K [0x00000000d5c00000, 0x00000000e8c00000, 0x0000000100000000)
  eden space 284672K, 0% used [0x00000000d5c00000,0x00000000d5c00000,0x00000000e7200000)
  from space 10752K, 82% used [0x00000000e8180000,0x00000000e8a33a10,0x00000000e8c00000)
  to   space 13312K, 0% used [0x00000000e7200000,0x00000000e7200000,0x00000000e7f00000)
 ParOldGen       total 56320K, used 14987K [0x0000000081400000, 0x0000000084b00000, 0x00000000d5c00000)
  object space 56320K, 26% used [0x0000000081400000,0x00000000822a2d40,0x0000000084b00000)
 Metaspace       used 34818K, capacity 35288K, committed 35496K, reserved 1081344K
  class space    used 4418K, capacity 4515K, committed 4608K, reserved 1048576K
}
Event: 8.750 GC heap before
{Heap before GC invocations=12 (full 2):
 PSYoungGen      total 295424K, used 8910K [0x00000000d5c00000, 0x00000000e8c00000, 0x0000000100000000)
  eden space 284672K, 0% used [0x00000000d5c00000,0x00000000d5c00000,0x00000000e7200000)
  from space 10752K, 82% used [0x00000000e8180000,0x00000000e8a33a10,0x00000000e8c00000)
  to   space 13312K, 0% used [0x00000000e7200000,0x00000000e7200000,0x00000000e7f00000)
 ParOldGen       total 56320K, used 14987K [0x0000000081400000, 0x0000000084b00000, 0x00000000d5c00000)
  object space 56320K, 26% used [0x0000000081400000,0x00000000822a2d40,0x0000000084b00000)
 Metaspace       used 34818K, capacity 35288K, committed 35496K, reserved 1081344K
  class space    used 4418K, capacity 4515K, committed 4608K, reserved 1048576K
Event: 8.861 GC heap after
Heap after GC invocations=12 (full 2):
 PSYoungGen      total 295424K, used 0K [0x00000000d5c00000, 0x00000000e8c00000, 0x0000000100000000)
  eden space 284672K, 0% used [0x00000000d5c00000,0x00000000d5c00000,0x00000000e7200000)
  from space 10752K, 0% used [0x00000000e8180000,0x00000000e8180000,0x00000000e8c00000)
  to   space 13312K, 0% used [0x00000000e7200000,0x00000000e7200000,0x00000000e7f00000)
 ParOldGen       total 92160K, used 19261K [0x0000000081400000, 0x0000000086e00000, 0x00000000d5c00000)
  object space 92160K, 20% used [0x0000000081400000,0x00000000826cf548,0x0000000086e00000)
 Metaspace       used 34818K, capacity 35288K, committed 35496K, reserved 1081344K
  class space    used 4418K, capacity 4515K, committed 4608K, reserved 1048576K
}
Event: 12.153 GC heap before
{Heap before GC invocations=13 (full 2):
 PSYoungGen      total 295424K, used 284672K [0x00000000d5c00000, 0x00000000e8c00000, 0x0000000100000000)
  eden space 284672K, 100% used [0x00000000d5c00000,0x00000000e7200000,0x00000000e7200000)
  from space 10752K, 0% used [0x00000000e8180000,0x00000000e8180000,0x00000000e8c00000)
  to   space 13312K, 0% used [0x00000000e7200000,0x00000000e7200000,0x00000000e7f00000)
 ParOldGen       total 92160K, used 19261K [0x0000000081400000, 0x0000000086e00000, 0x00000000d5c00000)
  object space 92160K, 20% used [0x0000000081400000,0x00000000826cf548,0x0000000086e00000)
 Metaspace       used 41775K, capacity 42430K, committed 42496K, reserved 1087488K
  class space    used 5208K, capacity 5348K, committed 5376K, reserved 1048576K
Event: 12.164 GC heap after
Heap after GC invocations=13 (full 2):
 PSYoungGen      total 297984K, used 9581K [0x00000000d5c00000, 0x00000000e8c00000, 0x0000000100000000)
  eden space 284672K, 0% used [0x00000000d5c00000,0x00000000d5c00000,0x00000000e7200000)
  from space 13312K, 71% used [0x00000000e7200000,0x00000000e7b5b440,0x00000000e7f00000)
  to   space 10752K, 0% used [0x00000000e8180000,0x00000000e8180000,0x00000000e8c00000)
 ParOldGen       total 92160K, used 19269K [0x0000000081400000, 0x0000000086e00000, 0x00000000d5c00000)
  object space 92160K, 20% used [0x0000000081400000,0x00000000826d1548,0x0000000086e00000)
 Metaspace       used 41775K, capacity 42430K, committed 42496K, reserved 1087488K
  class space    used 5208K, capacity 5348K, committed 5376K, reserved 1048576K
}
Event: 15.081 GC heap before
{Heap before GC invocations=14 (full 2):
 PSYoungGen      total 297984K, used 294253K [0x00000000d5c00000, 0x00000000e8c00000, 0x0000000100000000)
  eden space 284672K, 100% used [0x00000000d5c00000,0x00000000e7200000,0x00000000e7200000)
  from space 13312K, 71% used [0x00000000e7200000,0x00000000e7b5b440,0x00000000e7f00000)
  to   space 10752K, 0% used [0x00000000e8180000,0x00000000e8180000,0x00000000e8c00000)
 ParOldGen       total 92160K, used 19269K [0x0000000081400000, 0x0000000086e00000, 0x00000000d5c00000)
  object space 92160K, 20% used [0x0000000081400000,0x00000000826d1548,0x0000000086e00000)
 Metaspace       used 44644K, capacity 45356K, committed 45696K, reserved 1089536K
  class space    used 5569K, capacity 5697K, committed 5760K, reserved 1048576K
Event: 15.093 GC heap after
Heap after GC invocations=14 (full 2):
 PSYoungGen      total 295424K, used 10737K [0x00000000d5c00000, 0x00000000e8c00000, 0x0000000100000000)
  eden space 284672K, 0% used [0x00000000d5c00000,0x00000000d5c00000,0x00000000e7200000)
  from space 10752K, 99% used [0x00000000e8180000,0x00000000e8bfc458,0x00000000e8c00000)
  to   space 13312K, 0% used [0x00000000e7200000,0x00000000e7200000,0x00000000e7f00000)
 ParOldGen       total 92160K, used 23029K [0x0000000081400000, 0x0000000086e00000, 0x00000000d5c00000)
  object space 92160K, 24% used [0x0000000081400000,0x0000000082a7d6f0,0x0000000086e00000)
 Metaspace       used 44644K, capacity 45356K, committed 45696K, reserved 1089536K
  class space    used 5569K, capacity 5697K, committed 5760K, reserved 1048576K
}

