# JRE version: Java(TM) SE Runtime Environment (8.0_151-b12) (build 1.8.0_151-b12)
# Java VM: Java HotSpot(TM) 64-Bit Server VM (25.151-b12 mixed mode windows-amd64 compressed oops)
Heap:
 PSYoungGen      total 222720K, used 38539K [0x00000000d5c00000, 0x00000000e4000000, 0x0000000100000000)
  eden space 211968K, 13% used [0x00000000d5c00000,0x00000000d78ec928,0x00000000e2b00000)
  from space 10752K, 82% used [0x00000000e2b00000,0x00000000e33b6678,0x00000000e3580000)
  to   space 9216K, 0% used [0x00000000e3700000,0x00000000e3700000,0x00000000e4000000)
 ParOldGen       total 56832K, used 18864K [0x0000000081400000, 0x0000000084b80000, 0x00000000d5c00000)
  object space 56832K, 33% used [0x0000000081400000,0x000000008266c328,0x0000000084b80000)
 Metaspace       used 41560K, capacity 42212K, committed 42792K, reserved 1087488K
  class space    used 5208K, capacity 5343K, committed 5424K, reserved 1048576K
GC Heap History (10 events):
Event: 6.167 GC heap before
{Heap before GC invocations=9 (full 1):
 PSYoungGen      total 142848K, used 139422K [0x00000000d5c00000, 0x00000000e4100000, 0x0000000100000000)
  eden space 132608K, 100% used [0x00000000d5c00000,0x00000000ddd80000,0x00000000ddd80000)
  from space 10240K, 66% used [0x00000000ddd80000,0x00000000de427b38,0x00000000de780000)
  to   space 10240K, 0% used [0x00000000e3700000,0x00000000e3700000,0x00000000e4100000)
 ParOldGen       total 56832K, used 8122K [0x0000000081400000, 0x0000000084b80000, 0x00000000d5c00000)
  object space 56832K, 14% used [0x0000000081400000,0x0000000081bee8d8,0x0000000084b80000)
 Metaspace       used 27543K, capacity 27982K, committed 28464K, reserved 1075200K
  class space    used 3406K, capacity 3510K, committed 3632K, reserved 1048576K
Event: 6.182 GC heap after
Heap after GC invocations=9 (full 1):
 PSYoungGen      total 221184K, used 8711K [0x00000000d5c00000, 0x00000000e4000000, 0x0000000100000000)
  eden space 211968K, 0% used [0x00000000d5c00000,0x00000000d5c00000,0x00000000e2b00000)
  from space 9216K, 94% used [0x00000000e3700000,0x00000000e3f81cf0,0x00000000e4000000)
  to   space 10752K, 0% used [0x00000000e2b00000,0x00000000e2b00000,0x00000000e3580000)
 ParOldGen       total 56832K, used 8130K [0x0000000081400000, 0x0000000084b80000, 0x00000000d5c00000)
  object space 56832K, 14% used [0x0000000081400000,0x0000000081bf08d8,0x0000000084b80000)
 Metaspace       used 27543K, capacity 27982K, committed 28464K, reserved 1075200K
  class space    used 3406K, capacity 3510K, committed 3632K, reserved 1048576K
}
Event: 7.765 GC heap before
{Heap before GC invocations=10 (full 1):
 PSYoungGen      total 221184K, used 220679K [0x00000000d5c00000, 0x00000000e4000000, 0x0000000100000000)
  eden space 211968K, 100% used [0x00000000d5c00000,0x00000000e2b00000,0x00000000e2b00000)
  from space 9216K, 94% used [0x00000000e3700000,0x00000000e3f81cf0,0x00000000e4000000)
  to   space 10752K, 0% used [0x00000000e2b00000,0x00000000e2b00000,0x00000000e3580000)
 ParOldGen       total 56832K, used 8130K [0x0000000081400000, 0x0000000084b80000, 0x00000000d5c00000)
  object space 56832K, 14% used [0x0000000081400000,0x0000000081bf08d8,0x0000000084b80000)
 Metaspace       used 31171K, capacity 31668K, committed 32048K, reserved 1077248K
  class space    used 3964K, capacity 4087K, committed 4144K, reserved 1048576K
Event: 7.782 GC heap after
Heap after GC invocations=10 (full 1):
 PSYoungGen      total 222720K, used 10738K [0x00000000d5c00000, 0x00000000e4000000, 0x0000000100000000)
  eden space 211968K, 0% used [0x00000000d5c00000,0x00000000d5c00000,0x00000000e2b00000)
  from space 10752K, 99% used [0x00000000e2b00000,0x00000000e357c800,0x00000000e3580000)
  to   space 9216K, 0% used [0x00000000e3700000,0x00000000e3700000,0x00000000e4000000)
 ParOldGen       total 56832K, used 10293K [0x0000000081400000, 0x0000000084b80000, 0x00000000d5c00000)
  object space 56832K, 18% used [0x0000000081400000,0x0000000081e0d7f8,0x0000000084b80000)
 Metaspace       used 31171K, capacity 31668K, committed 32048K, reserved 1077248K
  class space    used 3964K, capacity 4087K, committed 4144K, reserved 1048576K
}
Event: 9.682 GC heap before
{Heap before GC invocations=11 (full 1):
 PSYoungGen      total 222720K, used 149748K [0x00000000d5c00000, 0x00000000e4000000, 0x0000000100000000)
  eden space 211968K, 65% used [0x00000000d5c00000,0x00000000de3c0808,0x00000000e2b00000)
  from space 10752K, 99% used [0x00000000e2b00000,0x00000000e357c800,0x00000000e3580000)
  to   space 9216K, 0% used [0x00000000e3700000,0x00000000e3700000,0x00000000e4000000)
 ParOldGen       total 56832K, used 10293K [0x0000000081400000, 0x0000000084b80000, 0x00000000d5c00000)
  object space 56832K, 18% used [0x0000000081400000,0x0000000081e0d7f8,0x0000000084b80000)
 Metaspace       used 34745K, capacity 35228K, committed 35496K, reserved 1081344K
  class space    used 4410K, capacity 4515K, committed 4528K, reserved 1048576K
Event: 9.699 GC heap after
Heap after GC invocations=11 (full 1):
 PSYoungGen      total 221184K, used 8573K [0x00000000d5c00000, 0x00000000e4000000, 0x0000000100000000)
  eden space 211968K, 0% used [0x00000000d5c00000,0x00000000d5c00000,0x00000000e2b00000)
  from space 9216K, 93% used [0x00000000e3700000,0x00000000e3f5f440,0x00000000e4000000)
  to   space 10752K, 0% used [0x00000000e2b00000,0x00000000e2b00000,0x00000000e3580000)
 ParOldGen       total 56832K, used 14957K [0x0000000081400000, 0x0000000084b80000, 0x00000000d5c00000)
  object space 56832K, 26% used [0x0000000081400000,0x000000008229b448,0x0000000084b80000)
 Metaspace       used 34745K, capacity 35228K, committed 35496K, reserved 1081344K
  class space    used 4410K, capacity 4515K, committed 4528K, reserved 1048576K
}
Event: 9.700 GC heap before
{Heap before GC invocations=12 (full 2):
 PSYoungGen      total 221184K, used 8573K [0x00000000d5c00000, 0x00000000e4000000, 0x0000000100000000)
  eden space 211968K, 0% used [0x00000000d5c00000,0x00000000d5c00000,0x00000000e2b00000)
  from space 9216K, 93% used [0x00000000e3700000,0x00000000e3f5f440,0x00000000e4000000)
  to   space 10752K, 0% used [0x00000000e2b00000,0x00000000e2b00000,0x00000000e3580000)
 ParOldGen       total 56832K, used 14957K [0x0000000081400000, 0x0000000084b80000, 0x00000000d5c00000)
  object space 56832K, 26% used [0x0000000081400000,0x000000008229b448,0x0000000084b80000)
 Metaspace       used 34745K, capacity 35228K, committed 35496K, reserved 1081344K
  class space    used 4410K, capacity 4515K, committed 4528K, reserved 1048576K
Event: 9.841 GC heap after
Heap after GC invocations=12 (full 2):
 PSYoungGen      total 221184K, used 0K [0x00000000d5c00000, 0x00000000e4000000, 0x0000000100000000)
  eden space 211968K, 0% used [0x00000000d5c00000,0x00000000d5c00000,0x00000000e2b00000)
  from space 9216K, 0% used [0x00000000e3700000,0x00000000e3700000,0x00000000e4000000)
  to   space 10752K, 0% used [0x00000000e2b00000,0x00000000e2b00000,0x00000000e3580000)
 ParOldGen       total 56832K, used 18856K [0x0000000081400000, 0x0000000084b80000, 0x00000000d5c00000)
  object space 56832K, 33% used [0x0000000081400000,0x000000008266a328,0x0000000084b80000)
 Metaspace       used 34745K, capacity 35228K, committed 35496K, reserved 1081344K
  class space    used 4410K, capacity 4515K, committed 4528K, reserved 1048576K
}
Event: 12.425 GC heap before
{Heap before GC invocations=13 (full 2):
 PSYoungGen      total 221184K, used 211968K [0x00000000d5c00000, 0x00000000e4000000, 0x0000000100000000)
  eden space 211968K, 100% used [0x00000000d5c00000,0x00000000e2b00000,0x00000000e2b00000)
  from space 9216K, 0% used [0x00000000e3700000,0x00000000e3700000,0x00000000e4000000)
  to   space 10752K, 0% used [0x00000000e2b00000,0x00000000e2b00000,0x00000000e3580000)
 ParOldGen       total 56832K, used 18856K [0x0000000081400000, 0x0000000084b80000, 0x00000000d5c00000)
  object space 56832K, 33% used [0x0000000081400000,0x000000008266a328,0x0000000084b80000)
 Metaspace       used 41391K, capacity 41996K, committed 42536K, reserved 1087488K
  class space    used 5201K, capacity 5339K, committed 5424K, reserved 1048576K
Event: 12.442 GC heap after
Heap after GC invocations=13 (full 2):
 PSYoungGen      total 222720K, used 8921K [0x00000000d5c00000, 0x00000000e4000000, 0x0000000100000000)
  eden space 211968K, 0% used [0x00000000d5c00000,0x00000000d5c00000,0x00000000e2b00000)
  from space 10752K, 82% used [0x00000000e2b00000,0x00000000e33b6678,0x00000000e3580000)
  to   space 9216K, 0% used [0x00000000e3700000,0x00000000e3700000,0x00000000e4000000)
 ParOldGen       total 56832K, used 18864K [0x0000000081400000, 0x0000000084b80000, 0x00000000d5c00000)
  object space 56832K, 33% used [0x0000000081400000,0x000000008266c328,0x0000000084b80000)
 Metaspace       used 41391K, capacity 41996K, committed 42536K, reserved 1087488K
  class space    used 5201K, capacity 5339K, committed 5424K, reserved 1048576K
}

